#
# There is insufficient memory for the Java Runtime Environment to continue.
# Native memory allocation (malloc) failed to allocate 715849728 bytes for committing reserved memory.
# Possible reasons:
#   The system is out of physical RAM or swap space
#   In 32 bit mode, the process size limit was hit
# Possible solutions:
#   Reduce memory load on the system
#   Increase physical memory or swap space
#   Check if swap backing store is full
#   Use 64 bit Java on a 64 bit OS
#   Decrease Java heap size (-Xmx/-Xms)
#   Decrease number of Java threads
#   Decrease Java thread stack sizes (-Xss)
#   Set larger code cache with -XX:ReservedCodeCacheSize=
# This output file may be truncated or incomplete.
#
#  Out of Memory Error (os_linux.cpp:2827), pid=69, tid=139749732517632
#
# JRE version:  (7.0_95) (build )
# Java VM: OpenJDK 64-Bit Server VM (24.95-b01 mixed mode linux-amd64 compressed oops)
# Derivative: IcedTea 2.6.4
# Distribution: Debian GNU/Linux 8.2 (jessie), package 7u95-2.6.4-1~deb8u1
# Failed to write core dump. Core dumps have been disabled. To enable core dumping, try "ulimit -c unlimited" before starting Java again
#

---------------  T H R E A D  ---------------

Current thread (0x00007f19fc00a000):  JavaThread "Unknown thread" [_thread_in_vm, id=89, stack(0x00007f1a051a0000,0x00007f1a052a1000)]

Stack: [0x00007f1a051a0000,0x00007f1a052a1000],  sp=0x00007f1a0529f510,  free space=1021k
Native frames: (J=compiled Java code, j=interpreted, Vv=VM code, C=native code)
V  [libjvm.so+0x987a96]
V  [libjvm.so+0x492972]
V  [libjvm.so+0x7f9d3b]
V  [libjvm.so+0x7f441e]
V  [libjvm.so+0x984924]
V  [libjvm.so+0x578da2]
V  [libjvm.so+0x92af59]
V  [libjvm.so+0x5798d2]
V  [libjvm.so+0x56881d]
V  [libjvm.so+0x951537]
V  [libjvm.so+0x951886]
V  [libjvm.so+0x5b465f]
V  [libjvm.so+0x9360cf]
V  [libjvm.so+0x6239f0]  JNI_CreateJavaVM+0x60
C  [libjli.so+0x2b8e]


---------------  P R O C E S S  ---------------

Java Threads: ( => current thread )

Other Threads:

=>0x00007f19fc00a000 (exited) JavaThread "Unknown thread" [_thread_in_vm, id=89, stack(0x00007f1a051a0000,0x00007f1a052a1000)]

VM state:not at safepoint (not fully initialized)

VM Mutex/Monitor currently owned by a thread: None

GC Heap History (0 events):
No events

Deoptimization events (0 events):
No events

Internal exceptions (0 events):
No events

Events (0 events):
No events


Dynamic libraries:
00400000-00401000 r-xp 00000000 00:28 4821                               /usr/lib/jvm/java-7-openjdk-amd64/jre/bin/java
00600000-00601000 r--p 00000000 00:28 4821                               /usr/lib/jvm/java-7-openjdk-amd64/jre/bin/java
00601000-00602000 rw-p 00001000 00:28 4821                               /usr/lib/jvm/java-7-openjdk-amd64/jre/bin/java
00b28000-00b49000 rw-p 00000000 00:00 0                                  [heap]
b0000000-c5550000 rw-p 00000000 00:00 0 
f0000000-100000000 rw-p 00000000 00:00 0 
7f19f9000000-7f19f9270000 rwxp 00000000 00:00 0 
7f19f9270000-7f19fc024000 rw-p 00000000 00:00 0 
7f19fc024000-7f1a00000000 ---p 00000000 00:00 0 
7f1a01b2a000-7f1a01bd5000 rw-p 00000000 00:00 0 
7f1a01bd5000-7f1a01daa000 rw-p 00000000 00:00 0 
7f1a01daa000-7f1a01dab000 rw-p 00000000 00:00 0 
7f1a01dab000-7f1a01db3000 r-xp 00000000 00:28 4863                       /usr/lib/jvm/java-7-openjdk-amd64/jre/lib/amd64/libzip.so
7f1a01db3000-7f1a01fb2000 ---p 00008000 00:28 4863                       /usr/lib/jvm/java-7-openjdk-amd64/jre/lib/amd64/libzip.so
7f1a01fb2000-7f1a01fb3000 r--p 00007000 00:28 4863                       /usr/lib/jvm/java-7-openjdk-amd64/jre/lib/amd64/libzip.so
7f1a01fb3000-7f1a01fb4000 rw-p 00008000 00:28 4863                       /usr/lib/jvm/java-7-openjdk-amd64/jre/lib/amd64/libzip.so
7f1a01fb4000-7f1a01fbf000 r-xp 00000000 00:28 4859                       /lib/x86_64-linux-gnu/libnss_files-2.19.so
7f1a01fbf000-7f1a021be000 ---p 0000b000 00:28 4859                       /lib/x86_64-linux-gnu/libnss_files-2.19.so
7f1a021be000-7f1a021bf000 r--p 0000a000 00:28 4859                       /lib/x86_64-linux-gnu/libnss_files-2.19.so
7f1a021bf000-7f1a021c0000 rw-p 0000b000 00:28 4859                       /lib/x86_64-linux-gnu/libnss_files-2.19.so
7f1a021c0000-7f1a021ca000 r-xp 00000000 00:28 4857                       /lib/x86_64-linux-gnu/libnss_nis-2.19.so
7f1a021ca000-7f1a023c9000 ---p 0000a000 00:28 4857                       /lib/x86_64-linux-gnu/libnss_nis-2.19.so
7f1a023c9000-7f1a023ca000 r--p 00009000 00:28 4857                       /lib/x86_64-linux-gnu/libnss_nis-2.19.so
7f1a023ca000-7f1a023cb000 rw-p 0000a000 00:28 4857                       /lib/x86_64-linux-gnu/libnss_nis-2.19.so
7f1a023cb000-7f1a023e0000 r-xp 00000000 00:28 4855                       /lib/x86_64-linux-gnu/libnsl-2.19.so
7f1a023e0000-7f1a025df000 ---p 00015000 00:28 4855                       /lib/x86_64-linux-gnu/libnsl-2.19.so
7f1a025df000-7f1a025e0000 r--p 00014000 00:28 4855                       /lib/x86_64-linux-gnu/libnsl-2.19.so
7f1a025e0000-7f1a025e1000 rw-p 00015000 00:28 4855                       /lib/x86_64-linux-gnu/libnsl-2.19.so
7f1a025e1000-7f1a025e3000 rw-p 00000000 00:00 0 
7f1a025e3000-7f1a025ea000 r-xp 00000000 00:28 4853                       /lib/x86_64-linux-gnu/libnss_compat-2.19.so
7f1a025ea000-7f1a027e9000 ---p 00007000 00:28 4853                       /lib/x86_64-linux-gnu/libnss_compat-2.19.so
7f1a027e9000-7f1a027ea000 r--p 00006000 00:28 4853                       /lib/x86_64-linux-gnu/libnss_compat-2.19.so
7f1a027ea000-7f1a027eb000 rw-p 00007000 00:28 4853                       /lib/x86_64-linux-gnu/libnss_compat-2.19.so
7f1a027eb000-7f1a02818000 r-xp 00000000 00:28 4846                       /usr/lib/jvm/java-7-openjdk-amd64/jre/lib/amd64/libjava.so
7f1a02818000-7f1a02a17000 ---p 0002d000 00:28 4846                       /usr/lib/jvm/java-7-openjdk-amd64/jre/lib/amd64/libjava.so
7f1a02a17000-7f1a02a18000 r--p 0002c000 00:28 4846                       /usr/lib/jvm/java-7-openjdk-amd64/jre/lib/amd64/libjava.so
7f1a02a18000-7f1a02a1a000 rw-p 0002d000 00:28 4846                       /usr/lib/jvm/java-7-openjdk-amd64/jre/lib/amd64/libjava.so
7f1a02a1a000-7f1a02a29000 r-xp 00000000 00:28 4851                       /usr/lib/jvm/java-7-openjdk-amd64/jre/lib/amd64/libverify.so
7f1a02a29000-7f1a02c28000 ---p 0000f000 00:28 4851                       /usr/lib/jvm/java-7-openjdk-amd64/jre/lib/amd64/libverify.so
7f1a02c28000-7f1a02c2b000 r--p 0000e000 00:28 4851                       /usr/lib/jvm/java-7-openjdk-amd64/jre/lib/amd64/libverify.so
7f1a02c2b000-7f1a02c2c000 rw-p 00011000 00:28 4851                       /usr/lib/jvm/java-7-openjdk-amd64/jre/lib/amd64/libverify.so
7f1a02c2c000-7f1a02c33000 r-xp 00000000 00:28 64                         /lib/x86_64-linux-gnu/librt-2.19.so
7f1a02c33000-7f1a02e32000 ---p 00007000 00:28 64                         /lib/x86_64-linux-gnu/librt-2.19.so
7f1a02e32000-7f1a02e33000 r--p 00006000 00:28 64                         /lib/x86_64-linux-gnu/librt-2.19.so
7f1a02e33000-7f1a02e34000 rw-p 00007000 00:28 64                         /lib/x86_64-linux-gnu/librt-2.19.so
7f1a02e34000-7f1a02e4a000 r-xp 00000000 00:28 1064                       /lib/x86_64-linux-gnu/libgcc_s.so.1
7f1a02e4a000-7f1a03049000 ---p 00016000 00:28 1064                       /lib/x86_64-linux-gnu/libgcc_s.so.1
7f1a03049000-7f1a0304a000 rw-p 00015000 00:28 1064                       /lib/x86_64-linux-gnu/libgcc_s.so.1
7f1a0304a000-7f1a0314a000 r-xp 00000000 00:28 66                         /lib/x86_64-linux-gnu/libm-2.19.so
7f1a0314a000-7f1a03349000 ---p 00100000 00:28 66                         /lib/x86_64-linux-gnu/libm-2.19.so
7f1a03349000-7f1a0334a000 r--p 000ff000 00:28 66                         /lib/x86_64-linux-gnu/libm-2.19.so
7f1a0334a000-7f1a0334b000 rw-p 00100000 00:28 66                         /lib/x86_64-linux-gnu/libm-2.19.so
7f1a0334b000-7f1a03437000 r-xp 00000000 00:28 1063                       /usr/lib/x86_64-linux-gnu/libstdc++.so.6.0.20
7f1a03437000-7f1a03637000 ---p 000ec000 00:28 1063                       /usr/lib/x86_64-linux-gnu/libstdc++.so.6.0.20
7f1a03637000-7f1a0363f000 r--p 000ec000 00:28 1063                       /usr/lib/x86_64-linux-gnu/libstdc++.so.6.0.20
7f1a0363f000-7f1a03641000 rw-p 000f4000 00:28 1063                       /usr/lib/x86_64-linux-gnu/libstdc++.so.6.0.20
7f1a03641000-7f1a03656000 rw-p 00000000 00:00 0 
7f1a03656000-7f1a041ac000 r-xp 00000000 00:28 4850                       /usr/lib/jvm/java-7-openjdk-amd64/jre/lib/amd64/server/libjvm.so
7f1a041ac000-7f1a043ab000 ---p 00b56000 00:28 4850                       /usr/lib/jvm/java-7-openjdk-amd64/jre/lib/amd64/server/libjvm.so
7f1a043ab000-7f1a0444a000 r--p 00d55000 00:28 4850                       /usr/lib/jvm/java-7-openjdk-amd64/jre/lib/amd64/server/libjvm.so
7f1a0444a000-7f1a0446d000 rw-p 00df4000 00:28 4850                       /usr/lib/jvm/java-7-openjdk-amd64/jre/lib/amd64/server/libjvm.so
7f1a0446d000-7f1a0449a000 rw-p 00000000 00:00 0 
7f1a0449a000-7f1a044b4000 r-xp 00000000 00:28 4845                       /lib/x86_64-linux-gnu/libz.so.1.2.8
7f1a044b4000-7f1a046b3000 ---p 0001a000 00:28 4845                       /lib/x86_64-linux-gnu/libz.so.1.2.8
7f1a046b3000-7f1a046b4000 r--p 00019000 00:28 4845                       /lib/x86_64-linux-gnu/libz.so.1.2.8
7f1a046b4000-7f1a046b5000 rw-p 0001a000 00:28 4845                       /lib/x86_64-linux-gnu/libz.so.1.2.8
7f1a046b5000-7f1a04857000 r-xp 00000000 00:28 38                         /lib/x86_64-linux-gnu/libc-2.19.so
7f1a04857000-7f1a04a56000 ---p 001a2000 00:28 38                         /lib/x86_64-linux-gnu/libc-2.19.so
7f1a04a56000-7f1a04a5a000 r--p 001a1000 00:28 38                         /lib/x86_64-linux-gnu/libc-2.19.so
7f1a04a5a000-7f1a04a5c000 rw-p 001a5000 00:28 38                         /lib/x86_64-linux-gnu/libc-2.19.so
7f1a04a5c000-7f1a04a60000 rw-p 00000000 00:00 0 
7f1a04a60000-7f1a04a63000 r-xp 00000000 00:28 47                         /lib/x86_64-linux-gnu/libdl-2.19.so
7f1a04a63000-7f1a04c62000 ---p 00003000 00:28 47                         /lib/x86_64-linux-gnu/libdl-2.19.so
7f1a04c62000-7f1a04c63000 r--p 00002000 00:28 47                         /lib/x86_64-linux-gnu/libdl-2.19.so
7f1a04c63000-7f1a04c64000 rw-p 00003000 00:28 47                         /lib/x86_64-linux-gnu/libdl-2.19.so
7f1a04c64000-7f1a04c71000 r-xp 00000000 00:28 4843                       /usr/lib/jvm/java-7-openjdk-amd64/jre/lib/amd64/jli/libjli.so
7f1a04c71000-7f1a04e70000 ---p 0000d000 00:28 4843                       /usr/lib/jvm/java-7-openjdk-amd64/jre/lib/amd64/jli/libjli.so
7f1a04e70000-7f1a04e71000 r--p 0000c000 00:28 4843                       /usr/lib/jvm/java-7-openjdk-amd64/jre/lib/amd64/jli/libjli.so
7f1a04e71000-7f1a04e72000 rw-p 0000d000 00:28 4843                       /usr/lib/jvm/java-7-openjdk-amd64/jre/lib/amd64/jli/libjli.so
7f1a04e72000-7f1a04e8a000 r-xp 00000000 00:28 60                         /lib/x86_64-linux-gnu/libpthread-2.19.so
7f1a04e8a000-7f1a05089000 ---p 00018000 00:28 60                         /lib/x86_64-linux-gnu/libpthread-2.19.so
7f1a05089000-7f1a0508a000 r--p 00017000 00:28 60                         /lib/x86_64-linux-gnu/libpthread-2.19.so
7f1a0508a000-7f1a0508b000 rw-p 00018000 00:28 60                         /lib/x86_64-linux-gnu/libpthread-2.19.so
7f1a0508b000-7f1a0508f000 rw-p 00000000 00:00 0 
7f1a0508f000-7f1a050af000 r-xp 00000000 00:28 35                         /lib/x86_64-linux-gnu/ld-2.19.so
7f1a050d8000-7f1a050e2000 rw-p 00000000 00:00 0 
7f1a050e2000-7f1a05198000 rw-p 00000000 00:00 0 
7f1a05198000-7f1a051a0000 rw-s 00000000 00:28 4862                       /tmp/hsperfdata_jovyan/69
7f1a051a0000-7f1a051a3000 ---p 00000000 00:00 0 
7f1a051a3000-7f1a052a6000 rw-p 00000000 00:00 0                          [stack:89]
7f1a052a9000-7f1a052ac000 rw-p 00000000 00:00 0 
7f1a052ac000-7f1a052ad000 r--p 00000000 00:00 0 
7f1a052ad000-7f1a052af000 rw-p 00000000 00:00 0 
7f1a052af000-7f1a052b0000 r--p 00020000 00:28 35                         /lib/x86_64-linux-gnu/ld-2.19.so
7f1a052b0000-7f1a052b1000 rw-p 00021000 00:28 35                         /lib/x86_64-linux-gnu/ld-2.19.so
7f1a052b1000-7f1a052b2000 rw-p 00000000 00:00 0 
7ffc8a854000-7ffc8a875000 rw-p 00000000 00:00 0                          [stack]
7ffc8a910000-7ffc8a912000 r--p 00000000 00:00 0                          [vvar]
7ffc8a912000-7ffc8a914000 r-xp 00000000 00:00 0                          [vdso]
ffffffffff600000-ffffffffff601000 r-xp 00000000 00:00 0                  [vsyscall]

VM Arguments:
jvm_args: -Xms1g -Xmx1g -XX:MaxPermSize=256m 
java_command: org.apache.spark.deploy.SparkSubmit pyspark-shell
Launcher Type: SUN_STANDARD

Environment Variables:
PATH=/opt/conda/bin:/usr/local/sbin:/usr/local/bin:/usr/sbin:/usr/bin:/sbin:/bin
SHELL=/bin/bash

Signal Handlers:
SIGSEGV: [libjvm.so+0x988580], sa_mask[0]=0x7ffbfeff, sa_flags=0x10000004
SIGBUS: [libjvm.so+0x988580], sa_mask[0]=0x7ffbfeff, sa_flags=0x10000004
SIGFPE: [libjvm.so+0x7f5280], sa_mask[0]=0x7ffbfeff, sa_flags=0x10000004
SIGPIPE: [libjvm.so+0x7f5280], sa_mask[0]=0x7ffbfeff, sa_flags=0x10000004
SIGXFSZ: [libjvm.so+0x7f5280], sa_mask[0]=0x7ffbfeff, sa_flags=0x10000004
SIGILL: [libjvm.so+0x7f5280], sa_mask[0]=0x7ffbfeff, sa_flags=0x10000004
SIGUSR1: SIG_DFL, sa_mask[0]=0x00000000, sa_flags=0x00000000
SIGUSR2: [libjvm.so+0x7f5100], sa_mask[0]=0x00000000, sa_flags=0x10000004
SIGHUP: SIG_DFL, sa_mask[0]=0x00000000, sa_flags=0x00000000
SIGINT: SIG_IGN, sa_mask[0]=0x00000000, sa_flags=0x00000000
SIGTERM: SIG_DFL, sa_mask[0]=0x00000000, sa_flags=0x00000000
SIGQUIT: SIG_DFL, sa_mask[0]=0x00000000, sa_flags=0x00000000
SIGTRAP: SIG_DFL, sa_mask[0]=0x00000000, sa_flags=0x00000000


---------------  S Y S T E M  ---------------

OS:8.3

uname:Linux 4.1.18-boot2docker #1 SMP Sat Feb 20 08:24:27 UTC 2016 x86_64
libc:glibc 2.19 NPTL 2.19 
rlimit: STACK 8192k, CORE 0k, NPROC 1048576, NOFILE 1048576, AS infinity
load average:0.19 0.49 1.00

/proc/meminfo:
MemTotal:        2050640 kB
MemFree:           32652 kB
MemAvailable:     277036 kB
Buffers:           28388 kB
Cached:           210424 kB
SwapCached:        44920 kB
Active:           998096 kB
Inactive:         729732 kB
Active(anon):     857268 kB
Inactive(anon):   647636 kB
Active(file):     140828 kB
Inactive(file):    82096 kB
Unevictable:           0 kB
Mlocked:               0 kB
SwapTotal:       1434140 kB
SwapFree:         280892 kB
Dirty:               672 kB
Writeback:             0 kB
AnonPages:       1444172 kB
Mapped:            71276 kB
Shmem:             15876 kB
Slab:              88908 kB
SReclaimable:      42520 kB
SUnreclaim:        46388 kB
KernelStack:       22224 kB
PageTables:        15860 kB
NFS_Unstable:          0 kB
Bounce:                0 kB
WritebackTmp:          0 kB
CommitLimit:     2459460 kB
Committed_AS:    7584780 kB
VmallocTotal:   34359738367 kB
VmallocUsed:        9916 kB
VmallocChunk:   34359701676 kB
AnonHugePages:    186368 kB
HugePages_Total:       0
HugePages_Free:        0
HugePages_Rsvd:        0
HugePages_Surp:        0
Hugepagesize:       2048 kB
DirectMap4k:       83904 kB
DirectMap2M:     2013184 kB


CPU:total 1 (1 cores per cpu, 1 threads per core) family 6 model 61 stepping 4, cmov, cx8, fxsr, mmx, sse, sse2, sse3, ssse3, sse4.1, sse4.2, popcnt, avx, aes, tsc, tscinvbit

/proc/cpuinfo:
processor	: 0
vendor_id	: GenuineIntel
cpu family	: 6
model		: 61
model name	: Intel(R) Core(TM) i5-5250U CPU @ 1.60GHz
stepping	: 4
cpu MHz		: 1599.999
cache size	: 3072 KB
physical id	: 0
siblings	: 1
core id		: 0
cpu cores	: 1
apicid		: 0
initial apicid	: 0
fpu		: yes
fpu_exception	: yes
cpuid level	: 20
wp		: yes
flags		: fpu vme de pse tsc msr pae mce cx8 apic sep mtrr pge mca cmov pat pse36 clflush mmx fxsr sse sse2 syscall nx rdtscp lm constant_tsc rep_good nopl xtopology nonstop_tsc pni pclmulqdq monitor ssse3 cx16 sse4_1 sse4_2 movbe popcnt aes xsave avx rdrand hypervisor lahf_lm abm 3dnowprefetch rdseed
bugs		:
bogomips	: 3199.99
clflush size	: 64
cache_alignment	: 64
address sizes	: 39 bits physical, 48 bits virtual
power management:



Memory: 4k page, physical 2050640k(32652k free), swap 1434140k(280892k free)

vm_info: OpenJDK 64-Bit Server VM (24.95-b01) for linux-amd64 JRE (1.7.0_95-b00), built on Jan 26 2016 11:26:28 by "jmm" with gcc 4.9.2

time: Sun Mar 13 20:41:12 2016
elapsed time: 0 seconds

