#
# There is insufficient memory for the Java Runtime Environment to continue.
# Native memory allocation (malloc) failed to allocate 715849728 bytes for committing reserved memory.
# Possible reasons:
#   The system is out of physical RAM or swap space
#   In 32 bit mode, the process size limit was hit
# Possible solutions:
#   Reduce memory load on the system
#   Increase physical memory or swap space
#   Check if swap backing store is full
#   Use 64 bit Java on a 64 bit OS
#   Decrease Java heap size (-Xmx/-Xms)
#   Decrease number of Java threads
#   Decrease Java thread stack sizes (-Xss)
#   Set larger code cache with -XX:ReservedCodeCacheSize=
# This output file may be truncated or incomplete.
#
#  Out of Memory Error (os_linux.cpp:2827), pid=27, tid=140716394780416
#
# JRE version:  (7.0_95) (build )
# Java VM: OpenJDK 64-Bit Server VM (24.95-b01 mixed mode linux-amd64 compressed oops)
# Derivative: IcedTea 2.6.4
# Distribution: Debian GNU/Linux 8.2 (jessie), package 7u95-2.6.4-1~deb8u1
# Failed to write core dump. Core dumps have been disabled. To enable core dumping, try "ulimit -c unlimited" before starting Java again
#

---------------  T H R E A D  ---------------

Current thread (0x00007ffb1000a000):  JavaThread "Unknown thread" [_thread_in_vm, id=47, stack(0x00007ffb16a99000,0x00007ffb16b9a000)]

Stack: [0x00007ffb16a99000,0x00007ffb16b9a000],  sp=0x00007ffb16b98510,  free space=1021k
Native frames: (J=compiled Java code, j=interpreted, Vv=VM code, C=native code)
V  [libjvm.so+0x987a96]
V  [libjvm.so+0x492972]
V  [libjvm.so+0x7f9d3b]
V  [libjvm.so+0x7f441e]
V  [libjvm.so+0x984924]
V  [libjvm.so+0x578da2]
V  [libjvm.so+0x92af59]
V  [libjvm.so+0x5798d2]
V  [libjvm.so+0x56881d]
V  [libjvm.so+0x951537]
V  [libjvm.so+0x951886]
V  [libjvm.so+0x5b465f]
V  [libjvm.so+0x9360cf]
V  [libjvm.so+0x6239f0]  JNI_CreateJavaVM+0x60
C  [libjli.so+0x2b8e]


---------------  P R O C E S S  ---------------

Java Threads: ( => current thread )

Other Threads:

=>0x00007ffb1000a000 (exited) JavaThread "Unknown thread" [_thread_in_vm, id=47, stack(0x00007ffb16a99000,0x00007ffb16b9a000)]

VM state:not at safepoint (not fully initialized)

VM Mutex/Monitor currently owned by a thread: None

GC Heap History (0 events):
No events

Deoptimization events (0 events):
No events

Internal exceptions (0 events):
No events

Events (0 events):
No events


Dynamic libraries:
00400000-00401000 r-xp 00000000 00:28 4821                               /usr/lib/jvm/java-7-openjdk-amd64/jre/bin/java
00600000-00601000 r--p 00000000 00:28 4821                               /usr/lib/jvm/java-7-openjdk-amd64/jre/bin/java
00601000-00602000 rw-p 00001000 00:28 4821                               /usr/lib/jvm/java-7-openjdk-amd64/jre/bin/java
02005000-02026000 rw-p 00000000 00:00 0                                  [heap]
b0000000-c5550000 rw-p 00000000 00:00 0 
f0000000-100000000 rw-p 00000000 00:00 0 
7ffb0c33f000-7ffb0c3ea000 rw-p 00000000 00:00 0 
7ffb0c3ea000-7ffb0c5bf000 rw-p 00000000 00:00 0 
7ffb0c5bf000-7ffb0c5c0000 rw-p 00000000 00:00 0 
7ffb0c5c0000-7ffb0c830000 rwxp 00000000 00:00 0 
7ffb0c830000-7ffb0f5c0000 rw-p 00000000 00:00 0 
7ffb0f5c0000-7ffb0f5c8000 r-xp 00000000 00:28 4863                       /usr/lib/jvm/java-7-openjdk-amd64/jre/lib/amd64/libzip.so
7ffb0f5c8000-7ffb0f7c7000 ---p 00008000 00:28 4863                       /usr/lib/jvm/java-7-openjdk-amd64/jre/lib/amd64/libzip.so
7ffb0f7c7000-7ffb0f7c8000 r--p 00007000 00:28 4863                       /usr/lib/jvm/java-7-openjdk-amd64/jre/lib/amd64/libzip.so
7ffb0f7c8000-7ffb0f7c9000 rw-p 00008000 00:28 4863                       /usr/lib/jvm/java-7-openjdk-amd64/jre/lib/amd64/libzip.so
7ffb0f7c9000-7ffb0f7d4000 r-xp 00000000 00:28 4859                       /lib/x86_64-linux-gnu/libnss_files-2.19.so
7ffb0f7d4000-7ffb0f9d3000 ---p 0000b000 00:28 4859                       /lib/x86_64-linux-gnu/libnss_files-2.19.so
7ffb0f9d3000-7ffb0f9d4000 r--p 0000a000 00:28 4859                       /lib/x86_64-linux-gnu/libnss_files-2.19.so
7ffb0f9d4000-7ffb0f9d5000 rw-p 0000b000 00:28 4859                       /lib/x86_64-linux-gnu/libnss_files-2.19.so
7ffb0f9d5000-7ffb0f9df000 r-xp 00000000 00:28 4857                       /lib/x86_64-linux-gnu/libnss_nis-2.19.so
7ffb0f9df000-7ffb0fbde000 ---p 0000a000 00:28 4857                       /lib/x86_64-linux-gnu/libnss_nis-2.19.so
7ffb0fbde000-7ffb0fbdf000 r--p 00009000 00:28 4857                       /lib/x86_64-linux-gnu/libnss_nis-2.19.so
7ffb0fbdf000-7ffb0fbe0000 rw-p 0000a000 00:28 4857                       /lib/x86_64-linux-gnu/libnss_nis-2.19.so
7ffb0fbe0000-7ffb0fbf5000 r-xp 00000000 00:28 4855                       /lib/x86_64-linux-gnu/libnsl-2.19.so
7ffb0fbf5000-7ffb0fdf4000 ---p 00015000 00:28 4855                       /lib/x86_64-linux-gnu/libnsl-2.19.so
7ffb0fdf4000-7ffb0fdf5000 r--p 00014000 00:28 4855                       /lib/x86_64-linux-gnu/libnsl-2.19.so
7ffb0fdf5000-7ffb0fdf6000 rw-p 00015000 00:28 4855                       /lib/x86_64-linux-gnu/libnsl-2.19.so
7ffb0fdf6000-7ffb0fdf8000 rw-p 00000000 00:00 0 
7ffb0fdf8000-7ffb0fdff000 r-xp 00000000 00:28 4853                       /lib/x86_64-linux-gnu/libnss_compat-2.19.so
7ffb0fdff000-7ffb0fffe000 ---p 00007000 00:28 4853                       /lib/x86_64-linux-gnu/libnss_compat-2.19.so
7ffb0fffe000-7ffb0ffff000 r--p 00006000 00:28 4853                       /lib/x86_64-linux-gnu/libnss_compat-2.19.so
7ffb0ffff000-7ffb10000000 rw-p 00007000 00:28 4853                       /lib/x86_64-linux-gnu/libnss_compat-2.19.so
7ffb10000000-7ffb10024000 rw-p 00000000 00:00 0 
7ffb10024000-7ffb14000000 ---p 00000000 00:00 0 
7ffb140e4000-7ffb14111000 r-xp 00000000 00:28 4846                       /usr/lib/jvm/java-7-openjdk-amd64/jre/lib/amd64/libjava.so
7ffb14111000-7ffb14310000 ---p 0002d000 00:28 4846                       /usr/lib/jvm/java-7-openjdk-amd64/jre/lib/amd64/libjava.so
7ffb14310000-7ffb14311000 r--p 0002c000 00:28 4846                       /usr/lib/jvm/java-7-openjdk-amd64/jre/lib/amd64/libjava.so
7ffb14311000-7ffb14313000 rw-p 0002d000 00:28 4846                       /usr/lib/jvm/java-7-openjdk-amd64/jre/lib/amd64/libjava.so
7ffb14313000-7ffb14322000 r-xp 00000000 00:28 4851                       /usr/lib/jvm/java-7-openjdk-amd64/jre/lib/amd64/libverify.so
7ffb14322000-7ffb14521000 ---p 0000f000 00:28 4851                       /usr/lib/jvm/java-7-openjdk-amd64/jre/lib/amd64/libverify.so
7ffb14521000-7ffb14524000 r--p 0000e000 00:28 4851                       /usr/lib/jvm/java-7-openjdk-amd64/jre/lib/amd64/libverify.so
7ffb14524000-7ffb14525000 rw-p 00011000 00:28 4851                       /usr/lib/jvm/java-7-openjdk-amd64/jre/lib/amd64/libverify.so
7ffb14525000-7ffb1452c000 r-xp 00000000 00:28 64                         /lib/x86_64-linux-gnu/librt-2.19.so
7ffb1452c000-7ffb1472b000 ---p 00007000 00:28 64                         /lib/x86_64-linux-gnu/librt-2.19.so
7ffb1472b000-7ffb1472c000 r--p 00006000 00:28 64                         /lib/x86_64-linux-gnu/librt-2.19.so
7ffb1472c000-7ffb1472d000 rw-p 00007000 00:28 64                         /lib/x86_64-linux-gnu/librt-2.19.so
7ffb1472d000-7ffb14743000 r-xp 00000000 00:28 1064                       /lib/x86_64-linux-gnu/libgcc_s.so.1
7ffb14743000-7ffb14942000 ---p 00016000 00:28 1064                       /lib/x86_64-linux-gnu/libgcc_s.so.1
7ffb14942000-7ffb14943000 rw-p 00015000 00:28 1064                       /lib/x86_64-linux-gnu/libgcc_s.so.1
7ffb14943000-7ffb14a43000 r-xp 00000000 00:28 66                         /lib/x86_64-linux-gnu/libm-2.19.so
7ffb14a43000-7ffb14c42000 ---p 00100000 00:28 66                         /lib/x86_64-linux-gnu/libm-2.19.so
7ffb14c42000-7ffb14c43000 r--p 000ff000 00:28 66                         /lib/x86_64-linux-gnu/libm-2.19.so
7ffb14c43000-7ffb14c44000 rw-p 00100000 00:28 66                         /lib/x86_64-linux-gnu/libm-2.19.so
7ffb14c44000-7ffb14d30000 r-xp 00000000 00:28 1063                       /usr/lib/x86_64-linux-gnu/libstdc++.so.6.0.20
7ffb14d30000-7ffb14f30000 ---p 000ec000 00:28 1063                       /usr/lib/x86_64-linux-gnu/libstdc++.so.6.0.20
7ffb14f30000-7ffb14f38000 r--p 000ec000 00:28 1063                       /usr/lib/x86_64-linux-gnu/libstdc++.so.6.0.20
7ffb14f38000-7ffb14f3a000 rw-p 000f4000 00:28 1063                       /usr/lib/x86_64-linux-gnu/libstdc++.so.6.0.20
7ffb14f3a000-7ffb14f4f000 rw-p 00000000 00:00 0 
7ffb14f4f000-7ffb15aa5000 r-xp 00000000 00:28 4850                       /usr/lib/jvm/java-7-openjdk-amd64/jre/lib/amd64/server/libjvm.so
7ffb15aa5000-7ffb15ca4000 ---p 00b56000 00:28 4850                       /usr/lib/jvm/java-7-openjdk-amd64/jre/lib/amd64/server/libjvm.so
7ffb15ca4000-7ffb15d43000 r--p 00d55000 00:28 4850                       /usr/lib/jvm/java-7-openjdk-amd64/jre/lib/amd64/server/libjvm.so
7ffb15d43000-7ffb15d66000 rw-p 00df4000 00:28 4850                       /usr/lib/jvm/java-7-openjdk-amd64/jre/lib/amd64/server/libjvm.so
7ffb15d66000-7ffb15d93000 rw-p 00000000 00:00 0 
7ffb15d93000-7ffb15dad000 r-xp 00000000 00:28 4845                       /lib/x86_64-linux-gnu/libz.so.1.2.8
7ffb15dad000-7ffb15fac000 ---p 0001a000 00:28 4845                       /lib/x86_64-linux-gnu/libz.so.1.2.8
7ffb15fac000-7ffb15fad000 r--p 00019000 00:28 4845                       /lib/x86_64-linux-gnu/libz.so.1.2.8
7ffb15fad000-7ffb15fae000 rw-p 0001a000 00:28 4845                       /lib/x86_64-linux-gnu/libz.so.1.2.8
7ffb15fae000-7ffb16150000 r-xp 00000000 00:28 38                         /lib/x86_64-linux-gnu/libc-2.19.so
7ffb16150000-7ffb1634f000 ---p 001a2000 00:28 38                         /lib/x86_64-linux-gnu/libc-2.19.so
7ffb1634f000-7ffb16353000 r--p 001a1000 00:28 38                         /lib/x86_64-linux-gnu/libc-2.19.so
7ffb16353000-7ffb16355000 rw-p 001a5000 00:28 38                         /lib/x86_64-linux-gnu/libc-2.19.so
7ffb16355000-7ffb16359000 rw-p 00000000 00:00 0 
7ffb16359000-7ffb1635c000 r-xp 00000000 00:28 47                         /lib/x86_64-linux-gnu/libdl-2.19.so
7ffb1635c000-7ffb1655b000 ---p 00003000 00:28 47                         /lib/x86_64-linux-gnu/libdl-2.19.so
7ffb1655b000-7ffb1655c000 r--p 00002000 00:28 47                         /lib/x86_64-linux-gnu/libdl-2.19.so
7ffb1655c000-7ffb1655d000 rw-p 00003000 00:28 47                         /lib/x86_64-linux-gnu/libdl-2.19.so
7ffb1655d000-7ffb1656a000 r-xp 00000000 00:28 4843                       /usr/lib/jvm/java-7-openjdk-amd64/jre/lib/amd64/jli/libjli.so
7ffb1656a000-7ffb16769000 ---p 0000d000 00:28 4843                       /usr/lib/jvm/java-7-openjdk-amd64/jre/lib/amd64/jli/libjli.so
7ffb16769000-7ffb1676a000 r--p 0000c000 00:28 4843                       /usr/lib/jvm/java-7-openjdk-amd64/jre/lib/amd64/jli/libjli.so
7ffb1676a000-7ffb1676b000 rw-p 0000d000 00:28 4843                       /usr/lib/jvm/java-7-openjdk-amd64/jre/lib/amd64/jli/libjli.so
7ffb1676b000-7ffb16783000 r-xp 00000000 00:28 60                         /lib/x86_64-linux-gnu/libpthread-2.19.so
7ffb16783000-7ffb16982000 ---p 00018000 00:28 60                         /lib/x86_64-linux-gnu/libpthread-2.19.so
7ffb16982000-7ffb16983000 r--p 00017000 00:28 60                         /lib/x86_64-linux-gnu/libpthread-2.19.so
7ffb16983000-7ffb16984000 rw-p 00018000 00:28 60                         /lib/x86_64-linux-gnu/libpthread-2.19.so
7ffb16984000-7ffb16988000 rw-p 00000000 00:00 0 
7ffb16988000-7ffb169a8000 r-xp 00000000 00:28 35                         /lib/x86_64-linux-gnu/ld-2.19.so
7ffb169d1000-7ffb169db000 rw-p 00000000 00:00 0 
7ffb169db000-7ffb16a91000 rw-p 00000000 00:00 0 
7ffb16a91000-7ffb16a99000 rw-s 00000000 00:28 4862                       /tmp/hsperfdata_jovyan/27
7ffb16a99000-7ffb16a9c000 ---p 00000000 00:00 0 
7ffb16a9c000-7ffb16b9f000 rw-p 00000000 00:00 0                          [stack:47]
7ffb16ba2000-7ffb16ba5000 rw-p 00000000 00:00 0 
7ffb16ba5000-7ffb16ba6000 r--p 00000000 00:00 0 
7ffb16ba6000-7ffb16ba8000 rw-p 00000000 00:00 0 
7ffb16ba8000-7ffb16ba9000 r--p 00020000 00:28 35                         /lib/x86_64-linux-gnu/ld-2.19.so
7ffb16ba9000-7ffb16baa000 rw-p 00021000 00:28 35                         /lib/x86_64-linux-gnu/ld-2.19.so
7ffb16baa000-7ffb16bab000 rw-p 00000000 00:00 0 
7ffcaf4e4000-7ffcaf505000 rw-p 00000000 00:00 0                          [stack]
7ffcaf576000-7ffcaf578000 r--p 00000000 00:00 0                          [vvar]
7ffcaf578000-7ffcaf57a000 r-xp 00000000 00:00 0                          [vdso]
ffffffffff600000-ffffffffff601000 r-xp 00000000 00:00 0                  [vsyscall]

VM Arguments:
jvm_args: -Xms1g -Xmx1g -XX:MaxPermSize=256m 
java_command: org.apache.spark.deploy.SparkSubmit pyspark-shell
Launcher Type: SUN_STANDARD

Environment Variables:
PATH=/opt/conda/bin:/usr/local/sbin:/usr/local/bin:/usr/sbin:/usr/bin:/sbin:/bin
SHELL=/bin/bash

Signal Handlers:
SIGSEGV: [libjvm.so+0x988580], sa_mask[0]=0x7ffbfeff, sa_flags=0x10000004
SIGBUS: [libjvm.so+0x988580], sa_mask[0]=0x7ffbfeff, sa_flags=0x10000004
SIGFPE: [libjvm.so+0x7f5280], sa_mask[0]=0x7ffbfeff, sa_flags=0x10000004
SIGPIPE: [libjvm.so+0x7f5280], sa_mask[0]=0x7ffbfeff, sa_flags=0x10000004
SIGXFSZ: [libjvm.so+0x7f5280], sa_mask[0]=0x7ffbfeff, sa_flags=0x10000004
SIGILL: [libjvm.so+0x7f5280], sa_mask[0]=0x7ffbfeff, sa_flags=0x10000004
SIGUSR1: SIG_DFL, sa_mask[0]=0x00000000, sa_flags=0x00000000
SIGUSR2: [libjvm.so+0x7f5100], sa_mask[0]=0x00000000, sa_flags=0x10000004
SIGHUP: SIG_DFL, sa_mask[0]=0x00000000, sa_flags=0x00000000
SIGINT: SIG_IGN, sa_mask[0]=0x00000000, sa_flags=0x00000000
SIGTERM: SIG_DFL, sa_mask[0]=0x00000000, sa_flags=0x00000000
SIGQUIT: SIG_DFL, sa_mask[0]=0x00000000, sa_flags=0x00000000
SIGTRAP: SIG_DFL, sa_mask[0]=0x00000000, sa_flags=0x00000000


---------------  S Y S T E M  ---------------

OS:8.3

uname:Linux 4.1.18-boot2docker #1 SMP Sat Feb 20 08:24:27 UTC 2016 x86_64
libc:glibc 2.19 NPTL 2.19 
rlimit: STACK 8192k, CORE 0k, NPROC 1048576, NOFILE 1048576, AS infinity
load average:0.23 0.32 1.11

/proc/meminfo:
MemTotal:        2050640 kB
MemFree:           27652 kB
MemAvailable:     276032 kB
Buffers:           23788 kB
Cached:           219184 kB
SwapCached:        47104 kB
Active:           915864 kB
Inactive:         818476 kB
Active(anon):     819680 kB
Inactive(anon):   687376 kB
Active(file):      96184 kB
Inactive(file):   131100 kB
Unevictable:           0 kB
Mlocked:               0 kB
SwapTotal:       1434140 kB
SwapFree:         288632 kB
Dirty:              4492 kB
Writeback:             0 kB
AnonPages:       1444328 kB
Mapped:            71088 kB
Shmem:             15700 kB
Slab:              88532 kB
SReclaimable:      42156 kB
SUnreclaim:        46376 kB
KernelStack:       22224 kB
PageTables:        15796 kB
NFS_Unstable:          0 kB
Bounce:                0 kB
WritebackTmp:          0 kB
CommitLimit:     2459460 kB
Committed_AS:    7577428 kB
VmallocTotal:   34359738367 kB
VmallocUsed:        9916 kB
VmallocChunk:   34359701676 kB
AnonHugePages:    184320 kB
HugePages_Total:       0
HugePages_Free:        0
HugePages_Rsvd:        0
HugePages_Surp:        0
Hugepagesize:       2048 kB
DirectMap4k:       75712 kB
DirectMap2M:     2021376 kB


CPU:total 1 (1 cores per cpu, 1 threads per core) family 6 model 61 stepping 4, cmov, cx8, fxsr, mmx, sse, sse2, sse3, ssse3, sse4.1, sse4.2, popcnt, avx, aes, tsc, tscinvbit

/proc/cpuinfo:
processor	: 0
vendor_id	: GenuineIntel
cpu family	: 6
model		: 61
model name	: Intel(R) Core(TM) i5-5250U CPU @ 1.60GHz
stepping	: 4
cpu MHz		: 1599.999
cache size	: 3072 KB
physical id	: 0
siblings	: 1
core id		: 0
cpu cores	: 1
apicid		: 0
initial apicid	: 0
fpu		: yes
fpu_exception	: yes
cpuid level	: 20
wp		: yes
flags		: fpu vme de pse tsc msr pae mce cx8 apic sep mtrr pge mca cmov pat pse36 clflush mmx fxsr sse sse2 syscall nx rdtscp lm constant_tsc rep_good nopl xtopology nonstop_tsc pni pclmulqdq monitor ssse3 cx16 sse4_1 sse4_2 movbe popcnt aes xsave avx rdrand hypervisor lahf_lm abm 3dnowprefetch rdseed
bugs		:
bogomips	: 3199.99
clflush size	: 64
cache_alignment	: 64
address sizes	: 39 bits physical, 48 bits virtual
power management:



Memory: 4k page, physical 2050640k(27652k free), swap 1434140k(288632k free)

vm_info: OpenJDK 64-Bit Server VM (24.95-b01) for linux-amd64 JRE (1.7.0_95-b00), built on Jan 26 2016 11:26:28 by "jmm" with gcc 4.9.2

time: Sun Mar 13 20:36:20 2016
elapsed time: 0 seconds

